
[07.04.2021 01:20:12]DROP DATABASE
[07.04.2021 01:20:12]Начало сканирования
[07.04.2021 01:20:12]Request GET /moskva/sport_i_otdyh?q=dji mini 2&p=1
[07.04.2021 01:20:12]429 Too many requests.1-th try 
[07.04.2021 01:20:42]Request GET /moskva/sport_i_otdyh?q=dji mini 2&p=1
[07.04.2021 01:20:43]429 Too many requests.2-th try 
[07.04.2021 01:21:13]Request GET /moskva/sport_i_otdyh?q=dji mini 2&p=1
[07.04.2021 01:21:13]429 Too many requests.3-th try 
[07.04.2021 01:23:44]DROP DATABASE
[07.04.2021 01:23:44]Начало сканирования
[07.04.2021 01:23:44]Request GET /moskva/sport_i_otdyh?q=dji mini 2&p=1
[07.04.2021 01:23:44]404 Not found. 1-th try 
[07.04.2021 01:23:49]Request GET /moskva/sport_i_otdyh?q=dji mini 2&p=1
[07.04.2021 01:23:49]404 Not found. 2-th try 
[07.04.2021 01:23:54]Request GET /moskva/sport_i_otdyh?q=dji mini 2&p=1
[07.04.2021 01:23:55]404 Not found. 3-th try 
[07.04.2021 01:28:12]DROP DATABASE
[07.04.2021 01:28:12]Начало сканирования
[07.04.2021 01:28:12]Request GET /moskva/sport_i_otdyh?q=dji mini 2&p=1
[07.04.2021 01:28:13]404 Not found. 1-th try 
[07.04.2021 01:28:18]Request GET /moskva/sport_i_otdyh?q=dji mini 2&p=1
[07.04.2021 01:28:18]404 Not found. 2-th try 
[07.04.2021 01:28:23]Request GET /moskva/sport_i_otdyh?q=dji mini 2&p=1
[07.04.2021 01:28:23]404 Not found. 3-th try 
[07.04.2021 01:28:45]DROP DATABASE
[07.04.2021 01:28:45]Начало сканирования
[07.04.2021 01:28:45]Request GET /moskva/sport_i_otdyh?q=dji mini 2&p=1
[07.04.2021 01:28:46]404 Not found. 1-th try 
[07.04.2021 01:28:51]Request GET /moskva/sport_i_otdyh?q=dji mini 2&p=1
[07.04.2021 01:28:51]404 Not found. 2-th try 
[07.04.2021 01:28:56]Request GET /moskva/sport_i_otdyh?q=dji mini 2&p=1
[07.04.2021 01:28:56]404 Not found. 3-th try 

<request meta>
[07.04.2021 01:28:56]There are  ads for this request
[07.04.2021 01:28:56]Items on the page: 
[07.04.2021 01:28:56]Is authenticated: false
[07.04.2021 01:28:56]Avito user id: none
[07.04.2021 01:28:56]Avito search hash: 
[07.04.2021 01:28:56]0 ads recieved
</request meta>


[07.04.2021 01:28:56]Request GET /moskva/sport_i_otdyh?q=dji mini 2&p=2
[07.04.2021 01:28:57]404 Not found. 1-th try 
[07.04.2021 01:29:02]Request GET /moskva/sport_i_otdyh?q=dji mini 2&p=2
[07.04.2021 01:29:02]404 Not found. 2-th try 
[07.04.2021 01:29:07]Request GET /moskva/sport_i_otdyh?q=dji mini 2&p=2
[07.04.2021 01:29:07]404 Not found. 3-th try 
[07.04.2021 01:29:33]DROP DATABASE
[07.04.2021 01:29:33]Начало сканирования
[07.04.2021 01:29:33]Request GET /moskva/sport_i_otdyh?q=dji mini 2&p=1
[07.04.2021 01:29:33]404 Not found. 1-th try 
[07.04.2021 01:29:38]Request GET /moskva/sport_i_otdyh?q=dji mini 2&p=1
[07.04.2021 01:29:39]404 Not found. 2-th try 
[07.04.2021 01:29:44]Request GET /moskva/sport_i_otdyh?q=dji mini 2&p=1
[07.04.2021 01:29:44]404 Not found. 3-th try 

<request meta>
[07.04.2021 01:29:44]There are  ads for this request
[07.04.2021 01:29:44]Items on the page: 
[07.04.2021 01:29:44]Is authenticated: false
[07.04.2021 01:29:44]Avito user id: none
[07.04.2021 01:29:44]Avito search hash: 
[07.04.2021 01:29:44]0 ads recieved
</request meta>


[07.04.2021 01:29:44]Request GET /moskva/sport_i_otdyh?q=dji mini 2&p=2
[07.04.2021 01:29:44]404 Not found. 1-th try 
[07.04.2021 01:29:49]Request GET /moskva/sport_i_otdyh?q=dji mini 2&p=2
[07.04.2021 01:29:50]404 Not found. 2-th try 
[07.04.2021 01:29:55]Request GET /moskva/sport_i_otdyh?q=dji mini 2&p=2
[07.04.2021 01:29:55]404 Not found. 3-th try 
[07.04.2021 01:29:55]0 ads recieved
[07.04.2021 01:29:55]Сканирование завершено. Просканировано 0 объявлений


[07.04.2021 01:30:20]DROP DATABASE
[07.04.2021 01:30:20]Начало сканирования
[07.04.2021 01:30:20]Request GET /moskva/sport_i_otdyh?q=dji mini 2&p=1

<request meta>
[07.04.2021 01:30:23]There are 122 ads for this request
[07.04.2021 01:30:23]Items on the page: 50
[07.04.2021 01:30:23]Is authenticated: false
[07.04.2021 01:30:23]Avito user id: none
[07.04.2021 01:30:23]Avito search hash: fxc6eop01twgso480sswg8og8ssgowk
[07.04.2021 01:30:23]50 ads recieved
</request meta>


[07.04.2021 01:30:23]Request GET /moskva/sport_i_otdyh?q=dji mini 2&p=2
[07.04.2021 01:30:27]Extra items scanning
[07.04.2021 01:30:27]71 ads recieved
[07.04.2021 01:30:28]Request GET /moskva/sport_i_otdyh?q=dji mini 2&p=3
[07.04.2021 01:30:30]Extra items scanning
[07.04.2021 01:30:30]0 ads recieved
[07.04.2021 01:30:30]Сканирование завершено. Просканировано 121 объявлений


[07.04.2021 01:47:25]DROP DATABASE
[07.04.2021 01:47:25]Начало сканирования
[07.04.2021 01:47:25]Request GET /moskva/sport_i_otdyh?q=dji mini 2&p=1

<request meta>
[07.04.2021 01:47:28]There are 122 ads for this request
[07.04.2021 01:47:28]Items on the page: 50
[07.04.2021 01:47:28]Is authenticated: false
[07.04.2021 01:47:28]Avito user id: none
[07.04.2021 01:47:28]Avito search hash: h326akrv4u0wswwscckow08kso8g04w
[07.04.2021 01:47:28]50 ads recieved
</request meta>


[07.04.2021 01:47:28]Request GET /moskva/sport_i_otdyh?q=dji mini 2&p=2
[07.04.2021 01:47:31]Extra items scanning
[07.04.2021 01:47:32]71 ads recieved
[07.04.2021 01:47:33]Request GET /moskva/sport_i_otdyh?q=dji mini 2&p=3
[07.04.2021 01:47:35]Extra items scanning
[07.04.2021 01:47:35]0 ads recieved
[07.04.2021 01:47:35]Сканирование завершено. Просканировано 121 объявлений


[07.04.2021 01:48:08]DROP DATABASE
[07.04.2021 01:48:08]Начало сканирования
[07.04.2021 01:48:08]Request GET /moskva/sport_i_otdyh?q=dji mini 2&p=1
[07.04.2021 01:48:09]404 Not found. 1-th try 
[07.04.2021 01:48:14]Request GET /moskva/sport_i_otdyh?q=dji mini 2&p=1
[07.04.2021 01:48:14]404 Not found. 2-th try 
[07.04.2021 01:48:19]Request GET /moskva/sport_i_otdyh?q=dji mini 2&p=1
[07.04.2021 01:48:19]404 Not found. 3-th try 

<request meta>
[07.04.2021 01:48:19]There are  ads for this request
[07.04.2021 01:48:19]Items on the page: 
[07.04.2021 01:48:19]Is authenticated: false
[07.04.2021 01:48:19]Avito user id: none
[07.04.2021 01:48:19]Avito search hash: 
[07.04.2021 01:48:19]0 ads recieved
</request meta>


[07.04.2021 01:48:19]Request GET /moskva/sport_i_otdyh?q=dji mini 2&p=2
[07.04.2021 01:48:19]404 Not found. 1-th try 
[07.04.2021 01:48:24]Request GET /moskva/sport_i_otdyh?q=dji mini 2&p=2
[07.04.2021 01:48:24]404 Not found. 2-th try 
[07.04.2021 01:48:29]Request GET /moskva/sport_i_otdyh?q=dji mini 2&p=2
[07.04.2021 01:48:30]404 Not found. 3-th try 
[07.04.2021 01:48:30]0 ads recieved
[07.04.2021 01:48:30]Сканирование завершено. Просканировано 0 объявлений


[07.04.2021 01:51:59]DROP DATABASE
[07.04.2021 01:51:59]Начало сканирования
[07.04.2021 01:51:59]Request GET /moskva/sport_i_otdyh?q=dji mini 2&p=1

<request meta>
[07.04.2021 01:52:03]There are 122 ads for this request
[07.04.2021 01:52:03]Items on the page: 50
[07.04.2021 01:52:03]Is authenticated: false
[07.04.2021 01:52:03]Avito user id: none
[07.04.2021 01:52:03]Avito search hash: kpe0g18h5dwk48g8k0o4owcs0wc0k84
[07.04.2021 01:52:03]50 ads recieved
</request meta>


[07.04.2021 01:52:03]Request GET /moskva/sport_i_otdyh?q=dji mini 2&p=1
[07.04.2021 01:52:05]Duplicate entry '2062456056' for key 'ads_data.PRIMARY'
[07.04.2021 01:52:05]Duplicate entry '2014411530' for key 'ads_data.PRIMARY'
[07.04.2021 01:52:05]Duplicate entry '2126104336' for key 'ads_data.PRIMARY'
[07.04.2021 01:52:05]Duplicate entry '2098461644' for key 'ads_data.PRIMARY'
[07.04.2021 01:52:05]Duplicate entry '2125977889' for key 'ads_data.PRIMARY'
[07.04.2021 01:52:05]Duplicate entry '2053897690' for key 'ads_data.PRIMARY'
[07.04.2021 01:52:05]Duplicate entry '2098678351' for key 'ads_data.PRIMARY'
[07.04.2021 01:52:05]Duplicate entry '2065696840' for key 'ads_data.PRIMARY'
[07.04.2021 01:52:05]Duplicate entry '2129970996' for key 'ads_data.PRIMARY'
[07.04.2021 01:52:05]Duplicate entry '2136538131' for key 'ads_data.PRIMARY'
[07.04.2021 01:52:05]Duplicate entry '2123453204' for key 'ads_data.PRIMARY'
[07.04.2021 01:52:05]Duplicate entry '2074702365' for key 'ads_data.PRIMARY'
[07.04.2021 01:52:05]Duplicate entry '2083895199' for key 'ads_data.PRIMARY'
[07.04.2021 01:52:05]Duplicate entry '2130255233' for key 'ads_data.PRIMARY'
[07.04.2021 01:52:05]Duplicate entry '2053258868' for key 'ads_data.PRIMARY'
[07.04.2021 01:52:05]Duplicate entry '2053741770' for key 'ads_data.PRIMARY'
[07.04.2021 01:52:05]Duplicate entry '2042213070' for key 'ads_data.PRIMARY'
[07.04.2021 01:52:05]Duplicate entry '2047665419' for key 'ads_data.PRIMARY'
[07.04.2021 01:52:05]Duplicate entry '2062245177' for key 'ads_data.PRIMARY'
[07.04.2021 01:52:05]Duplicate entry '2141818700' for key 'ads_data.PRIMARY'
[07.04.2021 01:52:05]Duplicate entry '2068582904' for key 'ads_data.PRIMARY'
[07.04.2021 01:52:05]Duplicate entry '2085117031' for key 'ads_data.PRIMARY'
[07.04.2021 01:52:05]Duplicate entry '2075772344' for key 'ads_data.PRIMARY'
[07.04.2021 01:52:05]Duplicate entry '2081417414' for key 'ads_data.PRIMARY'
[07.04.2021 01:52:05]Duplicate entry '2114044977' for key 'ads_data.PRIMARY'
[07.04.2021 01:52:05]Duplicate entry '2099484326' for key 'ads_data.PRIMARY'
[07.04.2021 01:52:05]Duplicate entry '2126792195' for key 'ads_data.PRIMARY'
[07.04.2021 01:52:05]Duplicate entry '2089539210' for key 'ads_data.PRIMARY'
[07.04.2021 01:52:05]Duplicate entry '2050685259' for key 'ads_data.PRIMARY'
[07.04.2021 01:52:05]Duplicate entry '2033698218' for key 'ads_data.PRIMARY'
[07.04.2021 01:52:05]Duplicate entry '2128172620' for key 'ads_data.PRIMARY'
[07.04.2021 01:52:05]Duplicate entry '2109730226' for key 'ads_data.PRIMARY'
[07.04.2021 01:52:05]Duplicate entry '2014304037' for key 'ads_data.PRIMARY'
[07.04.2021 01:52:05]Duplicate entry '2054004393' for key 'ads_data.PRIMARY'
[07.04.2021 01:52:05]Duplicate entry '2109046261' for key 'ads_data.PRIMARY'
[07.04.2021 01:52:05]Duplicate entry '2099096601' for key 'ads_data.PRIMARY'
[07.04.2021 01:52:05]Duplicate entry '2055852246' for key 'ads_data.PRIMARY'
[07.04.2021 01:52:05]Duplicate entry '2126120578' for key 'ads_data.PRIMARY'
[07.04.2021 01:52:05]Duplicate entry '2126338280' for key 'ads_data.PRIMARY'
[07.04.2021 01:52:05]Duplicate entry '2141743730' for key 'ads_data.PRIMARY'
[07.04.2021 01:52:05]Duplicate entry '2138918747' for key 'ads_data.PRIMARY'
[07.04.2021 01:52:05]Duplicate entry '2091642906' for key 'ads_data.PRIMARY'
[07.04.2021 01:52:05]Duplicate entry '2042924932' for key 'ads_data.PRIMARY'
[07.04.2021 01:52:05]Duplicate entry '2041999879' for key 'ads_data.PRIMARY'
[07.04.2021 01:52:05]Duplicate entry '2098896103' for key 'ads_data.PRIMARY'
[07.04.2021 01:52:05]Duplicate entry '2094615876' for key 'ads_data.PRIMARY'
[07.04.2021 01:52:05]Duplicate entry '2104796988' for key 'ads_data.PRIMARY'
[07.04.2021 01:52:05]Duplicate entry '2091773659' for key 'ads_data.PRIMARY'
[07.04.2021 01:52:05]Duplicate entry '1868942345' for key 'ads_data.PRIMARY'
[07.04.2021 01:52:05]Duplicate entry '2094334979' for key 'ads_data.PRIMARY'
[07.04.2021 01:52:05]50 ads recieved
[07.04.2021 01:52:06]Request GET /moskva/sport_i_otdyh?q=dji mini 2&p=1
[07.04.2021 01:52:09]Duplicate entry '2062456056' for key 'ads_data.PRIMARY'
[07.04.2021 01:52:09]Duplicate entry '2014411530' for key 'ads_data.PRIMARY'
[07.04.2021 01:52:09]Duplicate entry '2126104336' for key 'ads_data.PRIMARY'
[07.04.2021 01:52:09]Duplicate entry '2098461644' for key 'ads_data.PRIMARY'
[07.04.2021 01:52:09]Duplicate entry '2125977889' for key 'ads_data.PRIMARY'
[07.04.2021 01:52:09]Duplicate entry '2053897690' for key 'ads_data.PRIMARY'
[07.04.2021 01:52:09]Duplicate entry '2098678351' for key 'ads_data.PRIMARY'
[07.04.2021 01:52:09]Duplicate entry '2065696840' for key 'ads_data.PRIMARY'
[07.04.2021 01:52:09]Duplicate entry '2129970996' for key 'ads_data.PRIMARY'
[07.04.2021 01:52:09]Duplicate entry '2136538131' for key 'ads_data.PRIMARY'
[07.04.2021 01:52:09]Duplicate entry '2123453204' for key 'ads_data.PRIMARY'
[07.04.2021 01:52:09]Duplicate entry '2074702365' for key 'ads_data.PRIMARY'
[07.04.2021 01:52:09]Duplicate entry '2083895199' for key 'ads_data.PRIMARY'
[07.04.2021 01:52:09]Duplicate entry '2130255233' for key 'ads_data.PRIMARY'
[07.04.2021 01:52:09]Duplicate entry '2053258868' for key 'ads_data.PRIMARY'
[07.04.2021 01:52:09]Duplicate entry '2053741770' for key 'ads_data.PRIMARY'
[07.04.2021 01:52:09]Duplicate entry '2042213070' for key 'ads_data.PRIMARY'
[07.04.2021 01:52:09]Duplicate entry '2047665419' for key 'ads_data.PRIMARY'
[07.04.2021 01:52:09]Duplicate entry '2062245177' for key 'ads_data.PRIMARY'
[07.04.2021 01:52:09]Duplicate entry '2141818700' for key 'ads_data.PRIMARY'
[07.04.2021 01:52:09]Duplicate entry '2068582904' for key 'ads_data.PRIMARY'
[07.04.2021 01:52:09]Duplicate entry '2085117031' for key 'ads_data.PRIMARY'
[07.04.2021 01:52:09]Duplicate entry '2075772344' for key 'ads_data.PRIMARY'
[07.04.2021 01:52:09]Duplicate entry '2081417414' for key 'ads_data.PRIMARY'
[07.04.2021 01:52:09]Duplicate entry '2114044977' for key 'ads_data.PRIMARY'
[07.04.2021 01:52:09]Duplicate entry '2099484326' for key 'ads_data.PRIMARY'
[07.04.2021 01:52:09]Duplicate entry '2126792195' for key 'ads_data.PRIMARY'
[07.04.2021 01:52:09]Duplicate entry '2089539210' for key 'ads_data.PRIMARY'
[07.04.2021 01:52:09]Duplicate entry '2050685259' for key 'ads_data.PRIMARY'
[07.04.2021 01:52:09]Duplicate entry '2033698218' for key 'ads_data.PRIMARY'
[07.04.2021 01:52:09]Duplicate entry '2128172620' for key 'ads_data.PRIMARY'
[07.04.2021 01:52:09]Duplicate entry '2109730226' for key 'ads_data.PRIMARY'
[07.04.2021 01:52:09]Duplicate entry '2014304037' for key 'ads_data.PRIMARY'
[07.04.2021 01:52:09]Duplicate entry '2054004393' for key 'ads_data.PRIMARY'
[07.04.2021 01:52:09]Duplicate entry '2109046261' for key 'ads_data.PRIMARY'
[07.04.2021 01:52:09]Duplicate entry '2099096601' for key 'ads_data.PRIMARY'
[07.04.2021 01:52:09]Duplicate entry '2055852246' for key 'ads_data.PRIMARY'
[07.04.2021 01:52:09]Duplicate entry '2126120578' for key 'ads_data.PRIMARY'
[07.04.2021 01:52:09]Duplicate entry '2126338280' for key 'ads_data.PRIMARY'
[07.04.2021 01:52:09]Duplicate entry '2141743730' for key 'ads_data.PRIMARY'
[07.04.2021 01:52:09]Duplicate entry '2138918747' for key 'ads_data.PRIMARY'
[07.04.2021 01:52:09]Duplicate entry '2091642906' for key 'ads_data.PRIMARY'
[07.04.2021 01:52:09]Duplicate entry '2042924932' for key 'ads_data.PRIMARY'
[07.04.2021 01:52:09]Duplicate entry '2041999879' for key 'ads_data.PRIMARY'
[07.04.2021 01:52:09]Duplicate entry '2098896103' for key 'ads_data.PRIMARY'
[07.04.2021 01:52:09]Duplicate entry '2094615876' for key 'ads_data.PRIMARY'
[07.04.2021 01:52:09]Duplicate entry '2104796988' for key 'ads_data.PRIMARY'
[07.04.2021 01:52:09]Duplicate entry '2091773659' for key 'ads_data.PRIMARY'
[07.04.2021 01:52:09]Duplicate entry '1868942345' for key 'ads_data.PRIMARY'
[07.04.2021 01:52:09]Duplicate entry '2094334979' for key 'ads_data.PRIMARY'
[07.04.2021 01:52:09]50 ads recieved
[07.04.2021 01:52:10]Request GET /moskva/sport_i_otdyh?q=dji mini 2&p=1
[07.04.2021 01:52:12]Duplicate entry '2062456056' for key 'ads_data.PRIMARY'
[07.04.2021 01:52:12]Duplicate entry '2014411530' for key 'ads_data.PRIMARY'
[07.04.2021 01:52:12]Duplicate entry '2126104336' for key 'ads_data.PRIMARY'
[07.04.2021 01:52:12]Duplicate entry '2098461644' for key 'ads_data.PRIMARY'
[07.04.2021 01:52:12]Duplicate entry '2125977889' for key 'ads_data.PRIMARY'
[07.04.2021 01:52:12]Duplicate entry '2053897690' for key 'ads_data.PRIMARY'
[07.04.2021 01:52:12]Duplicate entry '2098678351' for key 'ads_data.PRIMARY'
[07.04.2021 01:52:12]Duplicate entry '2065696840' for key 'ads_data.PRIMARY'
[07.04.2021 01:52:12]Duplicate entry '2129970996' for key 'ads_data.PRIMARY'
[07.04.2021 01:52:12]Duplicate entry '2136538131' for key 'ads_data.PRIMARY'
[07.04.2021 01:52:12]Duplicate entry '2123453204' for key 'ads_data.PRIMARY'
[07.04.2021 01:52:12]Duplicate entry '2074702365' for key 'ads_data.PRIMARY'
[07.04.2021 01:52:12]Duplicate entry '2083895199' for key 'ads_data.PRIMARY'
[07.04.2021 01:52:12]Duplicate entry '2130255233' for key 'ads_data.PRIMARY'
[07.04.2021 01:52:12]Duplicate entry '2053258868' for key 'ads_data.PRIMARY'
[07.04.2021 01:52:12]Duplicate entry '2053741770' for key 'ads_data.PRIMARY'
[07.04.2021 01:52:12]Duplicate entry '2042213070' for key 'ads_data.PRIMARY'
[07.04.2021 01:52:12]Duplicate entry '2047665419' for key 'ads_data.PRIMARY'
[07.04.2021 01:52:12]Duplicate entry '2062245177' for key 'ads_data.PRIMARY'
[07.04.2021 01:52:12]Duplicate entry '2141818700' for key 'ads_data.PRIMARY'
[07.04.2021 01:52:12]Duplicate entry '2068582904' for key 'ads_data.PRIMARY'
[07.04.2021 01:52:12]Duplicate entry '2085117031' for key 'ads_data.PRIMARY'
[07.04.2021 01:52:12]Duplicate entry '2075772344' for key 'ads_data.PRIMARY'
[07.04.2021 01:52:12]Duplicate entry '2081417414' for key 'ads_data.PRIMARY'
[07.04.2021 01:52:12]Duplicate entry '2114044977' for key 'ads_data.PRIMARY'
[07.04.2021 01:52:12]Duplicate entry '2099484326' for key 'ads_data.PRIMARY'
[07.04.2021 01:52:12]Duplicate entry '2126792195' for key 'ads_data.PRIMARY'
[07.04.2021 01:52:12]Duplicate entry '2089539210' for key 'ads_data.PRIMARY'
[07.04.2021 01:52:12]Duplicate entry '2050685259' for key 'ads_data.PRIMARY'
[07.04.2021 01:52:12]Duplicate entry '2033698218' for key 'ads_data.PRIMARY'
[07.04.2021 01:52:12]Duplicate entry '2128172620' for key 'ads_data.PRIMARY'
[07.04.2021 01:52:12]Duplicate entry '2109730226' for key 'ads_data.PRIMARY'
[07.04.2021 01:52:12]Duplicate entry '2014304037' for key 'ads_data.PRIMARY'
[07.04.2021 01:52:12]Duplicate entry '2054004393' for key 'ads_data.PRIMARY'
[07.04.2021 01:52:12]Duplicate entry '2109046261' for key 'ads_data.PRIMARY'
[07.04.2021 01:52:12]Duplicate entry '2099096601' for key 'ads_data.PRIMARY'
[07.04.2021 01:52:12]Duplicate entry '2055852246' for key 'ads_data.PRIMARY'
[07.04.2021 01:52:12]Duplicate entry '2126120578' for key 'ads_data.PRIMARY'
[07.04.2021 01:52:12]Duplicate entry '2126338280' for key 'ads_data.PRIMARY'
[07.04.2021 01:52:12]Duplicate entry '2141743730' for key 'ads_data.PRIMARY'
[07.04.2021 01:52:12]Duplicate entry '2138918747' for key 'ads_data.PRIMARY'
[07.04.2021 01:52:12]Duplicate entry '2091642906' for key 'ads_data.PRIMARY'
[07.04.2021 01:52:12]Duplicate entry '2042924932' for key 'ads_data.PRIMARY'
[07.04.2021 01:52:12]Duplicate entry '2041999879' for key 'ads_data.PRIMARY'
[07.04.2021 01:52:12]Duplicate entry '2098896103' for key 'ads_data.PRIMARY'
[07.04.2021 01:52:12]Duplicate entry '2094615876' for key 'ads_data.PRIMARY'
[07.04.2021 01:52:12]Duplicate entry '2104796988' for key 'ads_data.PRIMARY'
[07.04.2021 01:52:12]Duplicate entry '2091773659' for key 'ads_data.PRIMARY'
[07.04.2021 01:52:12]Duplicate entry '1868942345' for key 'ads_data.PRIMARY'
[07.04.2021 01:52:12]Duplicate entry '2094334979' for key 'ads_data.PRIMARY'
[07.04.2021 01:52:12]50 ads recieved
[07.04.2021 01:52:13]Сканирование завершено. Просканировано 200 объявлений


[07.04.2021 02:30:17]DROP DATABASE
[07.04.2021 02:30:17]Начало сканирования
[07.04.2021 02:30:32]DROP DATABASE
[07.04.2021 02:30:32]Начало сканирования
[07.04.2021 02:31:30]DROP DATABASE
[07.04.2021 02:31:30]Начало сканирования
[07.04.2021 02:31:30]Refreshing cookie state: state=state_606d981208d91
[07.04.2021 02:31:30]Request GET /moskva/sport_i_otdyh?q=dji mini 2&p=1

<request meta>
[07.04.2021 02:31:34]There are 121 ads for this request
[07.04.2021 02:31:34]Items on the page: 50
[07.04.2021 02:31:34]Is authenticated: false
[07.04.2021 02:31:34]Avito user id: none
[07.04.2021 02:31:34]Avito search hash: 2vxw2q53acyskk4ss88co0gk4w4so44
[07.04.2021 02:31:34]50 ads recieved
</request meta>


[07.04.2021 02:31:34]Request GET /moskva/sport_i_otdyh?q=dji mini 2&p=2
[07.04.2021 02:31:38]Extra items scanning
[07.04.2021 02:31:38]Duplicate entry '2104796988' for key 'ads_data.PRIMARY'
[07.04.2021 02:31:38]Duplicate entry '2115163374' for key 'ads_data.PRIMARY'
[07.04.2021 02:31:39]70 ads recieved
[07.04.2021 02:31:40]Request GET /moskva/sport_i_otdyh?q=dji mini 2&p=3
[07.04.2021 02:31:42]Extra items scanning
[07.04.2021 02:31:42]Duplicate entry '1114359011' for key 'ads_data.PRIMARY'
[07.04.2021 02:31:42]Duplicate entry '1881012544' for key 'ads_data.PRIMARY'
[07.04.2021 02:31:42]Duplicate entry '1082228001' for key 'ads_data.PRIMARY'
[07.04.2021 02:31:42]3 ads recieved
[07.04.2021 02:31:43]Request GET /moskva/sport_i_otdyh?q=dji mini 2&p=4
[07.04.2021 02:31:46]Extra items scanning
[07.04.2021 02:31:46]0 ads recieved
[07.04.2021 02:31:46]Сканирование завершено. Просканировано 123 объявлений


[07.04.2021 02:37:08]DROP DATABASE
[07.04.2021 02:37:08]Начало сканирования
[07.04.2021 02:37:08]Refreshing cookie state: state=state_606d9964d6655
[07.04.2021 02:37:08]Request GET /moskva/sport_i_otdyh?q=dji mini 2&p=1

<request meta>
[07.04.2021 02:37:12]There are 121 ads for this request
[07.04.2021 02:37:12]Items on the page: 50
[07.04.2021 02:37:12]Is authenticated: false
[07.04.2021 02:37:12]Avito user id: none
[07.04.2021 02:37:12]Avito search hash: 165qwj8q1kyocc4kcgooskkwkock8gc
[07.04.2021 02:37:12]50 ads recieved
</request meta>


[07.04.2021 02:37:12]Request GET /moskva/sport_i_otdyh?q=dji mini 2&p=2
[07.04.2021 02:37:16]50 ads recieved
[07.04.2021 02:37:17]Request GET /moskva/sport_i_otdyh?q=dji mini 2&p=3
[07.04.2021 02:37:20]21 ads recieved
[07.04.2021 02:37:21]Request GET /moskva/sport_i_otdyh?q=dji mini 2&p=4
[07.04.2021 02:37:23]404 Not found. 1-th try 
[07.04.2021 02:37:28]Request GET /moskva/sport_i_otdyh?q=dji mini 2&p=4
[07.04.2021 02:37:29]404 Not found. 2-th try 
[07.04.2021 02:37:34]Request GET /moskva/sport_i_otdyh?q=dji mini 2&p=4
[07.04.2021 02:37:34]404 Not found. 3-th try 
[07.04.2021 02:37:34]0 ads recieved
[07.04.2021 02:37:34]Сканирование завершено. Просканировано 121 объявлений


[07.04.2021 02:41:58]DROP DATABASE
[07.04.2021 02:41:58]Начало сканирования
[07.04.2021 02:41:58]Refreshing cookie state: state=state_606d9a86b3c45
[07.04.2021 02:41:58]Request GET /moskva/sport_i_otdyh?q=dji mini 2&p=1

<request meta>
[07.04.2021 02:42:02]There are 121 ads for this request
[07.04.2021 02:42:02]Items on the page: 50
[07.04.2021 02:42:02]Is authenticated: false
[07.04.2021 02:42:02]Avito user id: none
[07.04.2021 02:42:02]Avito search hash: 5ric8zphcc0skc40gw0cgg0oskgok8s
[07.04.2021 02:42:02]50 ads recieved
</request meta>


[07.04.2021 02:42:02]Request GET /moskva/sport_i_otdyh?q=dji mini 2&p=2
[07.04.2021 02:42:05]50 ads recieved
[07.04.2021 02:42:06]Request GET /moskva/sport_i_otdyh?q=dji mini 2&p=3
[07.04.2021 02:42:11]21 ads recieved
[07.04.2021 02:42:12]Request GET /moskva/sport_i_otdyh?q=dji mini 2&p=4
[07.04.2021 02:42:13]404 Not found. 1-th try 
[07.04.2021 02:42:18]Request GET /moskva/sport_i_otdyh?q=dji mini 2&p=4
[07.04.2021 02:42:19]404 Not found. 2-th try 
[07.04.2021 02:42:24]Request GET /moskva/sport_i_otdyh?q=dji mini 2&p=4
[07.04.2021 02:42:25]404 Not found. 3-th try 
[07.04.2021 02:42:25]0 ads recieved
[07.04.2021 02:42:25]Сканирование завершено. Просканировано 121 объявлений


[07.04.2021 02:45:24]DROP DATABASE
[07.04.2021 02:45:24]Начало сканирования
[07.04.2021 02:45:24]Refreshing cookie state: state=state_606d9b540c78b;
[07.04.2021 02:45:24]Request GET /moskva/sport_i_otdyh?q=dji mini 2&p=1

<request meta>
[07.04.2021 02:45:33]There are 121 ads for this request
[07.04.2021 02:45:33]Items on the page: 50
[07.04.2021 02:45:33]Is authenticated: false
[07.04.2021 02:45:33]Avito user id: none
[07.04.2021 02:45:33]Avito search hash: 7jm0denaj604gww8cckwg08os8k0448
[07.04.2021 02:45:33]50 ads recieved
</request meta>


[07.04.2021 02:45:33]Request GET /moskva/sport_i_otdyh?q=dji mini 2&p=2
[07.04.2021 02:45:36]Duplicate entry '2066017275' for key 'ads_data.PRIMARY'
[07.04.2021 02:45:36]50 ads recieved
[07.04.2021 02:45:37]Request GET /moskva/sport_i_otdyh?q=dji mini 2&p=3
[07.04.2021 02:45:39]21 ads recieved
[07.04.2021 02:45:40]Request GET /moskva/sport_i_otdyh?q=dji mini 2&p=4
[07.04.2021 02:45:41]404 Not found. 1-th try 
[07.04.2021 02:45:46]Request GET /moskva/sport_i_otdyh?q=dji mini 2&p=4
[07.04.2021 02:45:47]404 Not found. 2-th try 
[07.04.2021 02:45:52]Request GET /moskva/sport_i_otdyh?q=dji mini 2&p=4
[07.04.2021 02:45:53]404 Not found. 3-th try 
[07.04.2021 02:45:53]0 ads recieved
[07.04.2021 02:45:53]Сканирование завершено. Просканировано 121 объявлений


[07.04.2021 03:03:10]DROP DATABASE
[07.04.2021 03:03:10]Начало сканирования
[07.04.2021 03:03:10]Refreshing cookie state: state=state_606d9f7e319cc;
[07.04.2021 03:03:10]Request GET /moskva/sport_i_otdyh?q=dji mini 2&p=1

<request meta>
[07.04.2021 03:03:13]There are 121 ads for this request
[07.04.2021 03:03:13]Items on the page: 50
[07.04.2021 03:03:13]Is authenticated: false
[07.04.2021 03:03:13]Avito user id: none
[07.04.2021 03:03:13]Avito search hash: 4npq3jfs3ny80w0w88c8c04wwc0k4kw
[07.04.2021 03:03:13]50 ads recieved
</request meta>


[07.04.2021 03:03:13]Request GET /moskva/sport_i_otdyh?q=dji mini 2&p=2
[07.04.2021 03:03:16]Extra items scanning
[07.04.2021 03:03:17]70 ads recieved
[07.04.2021 03:03:18]Request GET /moskva/sport_i_otdyh?q=dji mini 2&p=3
[07.04.2021 03:03:21]Extra items scanning
[07.04.2021 03:03:21]0 ads recieved
[07.04.2021 03:03:21]Сканирование завершено. Просканировано 120 объявлений


[07.04.2021 03:05:07]DROP DATABASE
[07.04.2021 03:05:07]Начало сканирования
[07.04.2021 03:05:07]Refreshing cookie state: state=state_606d9ff314212;
[07.04.2021 03:05:07]Request GET /moskva/sport_i_otdyh?q=dji mini 2&p=1

<request meta>
[07.04.2021 03:05:11]There are 121 ads for this request
[07.04.2021 03:05:11]Items on the page: 50
[07.04.2021 03:05:11]Is authenticated: false
[07.04.2021 03:05:11]Avito user id: none
[07.04.2021 03:05:11]Avito search hash: gdskbsx9ja8gg80o0wcc0wssww804sk
[07.04.2021 03:05:11]50 ads recieved
</request meta>


[07.04.2021 03:05:11]Request GET /moskva/sport_i_otdyh?q=dji mini 2&p=2
[07.04.2021 03:05:15]Extra items scanning
[07.04.2021 03:05:16]70 ads recieved
[07.04.2021 03:05:17]Request GET /moskva/sport_i_otdyh?q=dji mini 2&p=3
[07.04.2021 03:05:21]Extra items scanning
[07.04.2021 03:05:21]0 ads recieved
[07.04.2021 03:05:21]Сканирование завершено. Просканировано 120 объявлений


[07.04.2021 03:06:23]DROP DATABASE
[07.04.2021 03:06:23]Начало сканирования
[07.04.2021 03:06:23]Refreshing cookie state: state=state_606da03f35512;
[07.04.2021 03:06:23]Request GET /moskva/sport_i_otdyh?q=dji mini 2&p=1

<request meta>
[07.04.2021 03:06:28]There are 121 ads for this request
[07.04.2021 03:06:28]Items on the page: 50
[07.04.2021 03:06:28]Is authenticated: false
[07.04.2021 03:06:28]Avito user id: none
[07.04.2021 03:06:28]Avito search hash: oeo3l95uriococ4c4kkgck80g004cwk
[07.04.2021 03:06:28]50 ads recieved
</request meta>


[07.04.2021 03:06:28]Request GET /moskva/sport_i_otdyh?q=dji mini 2&p=2
[07.04.2021 03:06:33]Extra items scanning
[07.04.2021 03:06:33]70 ads recieved
[07.04.2021 03:06:34]Request GET /moskva/sport_i_otdyh?q=dji mini 2&p=3
[07.04.2021 03:06:38]Extra items scanning
[07.04.2021 03:06:38]0 ads recieved
[07.04.2021 03:06:38]Сканирование завершено. Просканировано 120 объявлений


[07.04.2021 03:07:59]DROP DATABASE
[07.04.2021 03:07:59]Начало сканирования
[07.04.2021 03:07:59]Refreshing cookie state: state=state_606da09fa80f9;
[07.04.2021 03:07:59]Request GET /moskva/sport_i_otdyh?q=dji mini 2&p=1

<request meta>
[07.04.2021 03:08:03]There are 121 ads for this request
[07.04.2021 03:08:03]Items on the page: 50
[07.04.2021 03:08:03]Is authenticated: false
[07.04.2021 03:08:03]Avito user id: none
[07.04.2021 03:08:03]Avito search hash: dga5c0jlctw8wgkc4wkgsgw0kkw4o8g
[07.04.2021 03:08:03]50 ads recieved
</request meta>


[07.04.2021 03:08:03]Request GET /moskva/sport_i_otdyh?q=dji mini 2&p=2
[07.04.2021 03:08:06]Extra items scanning
[07.04.2021 03:08:07]65 ads recieved
[07.04.2021 03:08:08]Request GET /moskva/sport_i_otdyh?q=dji mini 2&p=3
[07.04.2021 03:08:11]Extra items scanning
[07.04.2021 03:08:11]5 ads recieved
[07.04.2021 03:08:12]Request GET /moskva/sport_i_otdyh?q=dji mini 2&p=4
[07.04.2021 03:08:14]Extra items scanning
[07.04.2021 03:08:14]0 ads recieved
[07.04.2021 03:08:14]Сканирование завершено. Просканировано 120 объявлений


[07.04.2021 03:08:59]DROP DATABASE
[07.04.2021 03:08:59]Начало сканирования
[07.04.2021 03:08:59]Refreshing cookie state: state=state_606da0dbd245d;
[07.04.2021 03:08:59]Request GET /moskva/sport_i_otdyh?q=dji mini 2&p=1

<request meta>
[07.04.2021 03:09:04]There are 121 ads for this request
[07.04.2021 03:09:04]Items on the page: 50
[07.04.2021 03:09:04]Is authenticated: false
[07.04.2021 03:09:04]Avito user id: none
[07.04.2021 03:09:04]Avito search hash: q8rm7bv2h68skk80co4wkoscc8ks4ow
[07.04.2021 03:09:04]50 ads recieved
</request meta>


[07.04.2021 03:09:04]Request GET /moskva/sport_i_otdyh?q=dji mini 2&p=2
[07.04.2021 03:09:07]Extra items scanning
[07.04.2021 03:09:08]68 ads recieved
[07.04.2021 03:09:09]Request GET /moskva/sport_i_otdyh?q=dji mini 2&p=3
[07.04.2021 03:09:11]Extra items scanning
[07.04.2021 03:09:11]2 ads recieved
[07.04.2021 03:09:12]Request GET /moskva/sport_i_otdyh?q=dji mini 2&p=4
[07.04.2021 03:09:15]Extra items scanning
[07.04.2021 03:09:15]0 ads recieved
[07.04.2021 03:09:15]Сканирование завершено. Просканировано 120 объявлений


[07.04.2021 03:15:33]DROP DATABASE
[07.04.2021 03:15:33]Начало сканирования
[07.04.2021 03:15:33]Refreshing cookie state: state=state_606da26519527;
[07.04.2021 03:15:33]Request GET /moskva/sport_i_otdyh?q=dji mini 2&p=1
[07.04.2021 03:15:55]DROP DATABASE
[07.04.2021 03:15:55]Начало сканирования
[07.04.2021 03:15:55]Refreshing cookie state: state=state_606da27b3850f;
[07.04.2021 03:15:55]Request GET /moskva/sport_i_otdyh?q=dji mini 2&p=1

<request meta>
[07.04.2021 03:16:07]There are 121 ads for this request
[07.04.2021 03:16:07]Items on the page: 50
[07.04.2021 03:16:07]Is authenticated: false
[07.04.2021 03:16:07]Avito user id: none
[07.04.2021 03:16:07]Avito search hash: j7igt2jwf1ko4ggw8sg0s0wggc8cs08
[07.04.2021 03:16:07]50 ads recieved
</request meta>


[07.04.2021 03:16:07]Request GET /moskva/sport_i_otdyh?q=dji mini 2&p=2
[07.04.2021 03:16:10]Extra items scanning
[07.04.2021 03:16:11]70 ads recieved
[07.04.2021 03:16:12]Request GET /moskva/sport_i_otdyh?q=dji mini 2&p=3
[07.04.2021 03:16:15]Extra items scanning
[07.04.2021 03:16:15]0 ads recieved
[07.04.2021 03:16:15]Сканирование завершено. Просканировано 120 объявлений


